<?xml version="1.0" encoding="UTF-8"?>
<!-- Generated by org.testng.reporters.JUnitReportReporter -->
<testsuite hostname="DESKTOP-Q0CV3FQ" failures="0" tests="4" name="selnium.MyFirstMavenProject.AssertsInTestNG.PrioritiesInTestNG" time="0.013" errors="0" timestamp="2021-05-03T16:31:39 IST" skipped="0">
  <testcase classname="selnium.MyFirstMavenProject.AssertsInTestNG.PrioritiesInTestNG" name="D" time="0.003"/>
  <system-out/>
  <testcase classname="selnium.MyFirstMavenProject.AssertsInTestNG.PrioritiesInTestNG" name="B" time="0.003"/>
  <system-out/>
  <testcase classname="selnium.MyFirstMavenProject.AssertsInTestNG.PrioritiesInTestNG" name="C" time="0.006"/>
  <system-out/>
  <testcase classname="selnium.MyFirstMavenProject.AssertsInTestNG.PrioritiesInTestNG" name="A" time="0.001"/>
  <system-out/>
</testsuite> <!-- selnium.MyFirstMavenProject.AssertsInTestNG.PrioritiesInTestNG -->
