<?xml version="1.0" encoding="UTF-8"?>
<!-- Generated by org.testng.reporters.JUnitReportReporter -->
<testsuite hostname="DESKTOP-Q0CV3FQ" failures="0" tests="2" name="KTCTC.regression.TextBoxTest" time="1.136" errors="0" timestamp="2021-05-10T13:16:41 IST" skipped="0">
  <testcase classname="KTCTC.regression.TextBoxTest" name="verifyNavigateToTextboxPageAndInitializeData" time="0.316"/>
  <system-out/>
  <testcase classname="KTCTC.regression.TextBoxTest" name="verifyDataAddedAndSubmittedSuccessfully" time="0.820"/>
  <system-out/>
</testsuite> <!-- KTCTC.regression.TextBoxTest -->
