<?xml version="1.0" encoding="UTF-8"?>
<!-- Generated by org.testng.reporters.JUnitReportReporter -->
<testsuite hostname="DESKTOP-Q0CV3FQ" failures="0" tests="6" name="KTCTC.regression.TableSearchTest" time="19.076" errors="0" timestamp="2021-05-10T13:16:41 IST" skipped="0">
  <testcase classname="KTCTC.regression.TableSearchTest" name="verifyNavigateToWebTablepageAndInitializeData" time="0.487"/>
  <system-out/>
  <testcase classname="KTCTC.regression.TableSearchTest" name="verifyNewUserCanBeAddedOnWebTablePage" time="2.803"/>
  <system-out/>
  <testcase classname="KTCTC.regression.TableSearchTest" name="verifyAllDetailsOfAddedUser" time="1.100"/>
  <system-out/>
  <testcase classname="KTCTC.regression.TableSearchTest" name="verifyExistingUserDetailsCanBeEditedOnWebTablePage" time="3.144"/>
  <system-out/>
  <testcase classname="KTCTC.regression.TableSearchTest" name="verifyAllDetailsOfEditedUser" time="0.701"/>
  <system-out/>
  <testcase classname="KTCTC.regression.TableSearchTest" name="verifyExistingUserCanBeDeletedOnWebTablePage" time="10.841"/>
  <system-out/>
</testsuite> <!-- KTCTC.regression.TableSearchTest -->
