<?xml version="1.0" encoding="UTF-8"?>
<!-- Generated by org.testng.reporters.JUnitReportReporter -->
<testsuite hostname="DESKTOP-Q0CV3FQ" failures="0" tests="2" name="selnium.MyFirstMavenProject.AssertsInTestNG.CCTest" time="0.008" errors="0" timestamp="2021-05-03T16:31:39 IST" skipped="0">
  <testcase classname="selnium.MyFirstMavenProject.AssertsInTestNG.CCTest" name="sampleMethod" time="0.006"/>
  <system-out/>
  <testcase classname="selnium.MyFirstMavenProject.AssertsInTestNG.CCTest" name="sampleMethod2" time="0.002"/>
  <system-out/>
</testsuite> <!-- selnium.MyFirstMavenProject.AssertsInTestNG.CCTest -->
