<?xml version="1.0" encoding="UTF-8"?>
<!-- Generated by org.testng.reporters.JUnitReportReporter -->
<testsuite hostname="DESKTOP-Q0CV3FQ" failures="0" tests="2" name="KTCTC.regression.PracticeFormTest" time="4.615" errors="0" timestamp="2021-05-10T13:16:41 IST" skipped="0">
  <testcase classname="KTCTC.regression.PracticeFormTest" name="navigateToPracticeFormPageAndInitializeData" time="0.367"/>
  <system-out/>
  <testcase classname="KTCTC.regression.PracticeFormTest" name="verifyFillDataAndSubmitOperation" time="4.248"/>
  <system-out/>
</testsuite> <!-- KTCTC.regression.PracticeFormTest -->
